Heap:
 PSYoungGen      total 252928K, used 149691K [0x00000000d5f00000, 0x00000000e7b00000, 0x0000000100000000)
  eden space 243200K, 57% used [0x00000000d5f00000,0x00000000de7c0850,0x00000000e4c80000)
  from space 9728K, 99% used [0x00000000e7180000,0x00000000e7aee630,0x00000000e7b00000)
  to   space 15360K, 0% used [0x00000000e5d00000,0x00000000e5d00000,0x00000000e6c00000)
 ParOldGen       total 89088K, used 21835K [0x0000000081c00000, 0x0000000087300000, 0x00000000d5f00000)
  object space 89088K, 24% used [0x0000000081c00000,0x0000000083152df8,0x0000000087300000)
 Metaspace       used 46420K, capacity 48461K, committed 48768K, reserved 1091584K
  class space    used 6341K, capacity 6730K, committed 6784K, reserved 1048576K
GC Heap History (10 events):
Event: 12.012 GC heap before
{Heap before GC invocations=8 (full 1):
 PSYoungGen      total 117248K, used 115620K [0x00000000d5f00000, 0x00000000dde80000, 0x0000000100000000)
  eden space 108032K, 100% used [0x00000000d5f00000,0x00000000dc880000,0x00000000dc880000)
  from space 9216K, 82% used [0x00000000dd200000,0x00000000dd969050,0x00000000ddb00000)
  to   space 9728K, 0% used [0x00000000dc880000,0x00000000dc880000,0x00000000dd200000)
 ParOldGen       total 56832K, used 7531K [0x0000000081c00000, 0x0000000085380000, 0x00000000d5f00000)
  object space 56832K, 13% used [0x0000000081c00000,0x000000008235ad68,0x0000000085380000)
 Metaspace       used 30255K, capacity 31594K, committed 31872K, reserved 1077248K
  class space    used 4107K, capacity 4369K, committed 4480K, reserved 1048576K
Event: 12.029 GC heap after
Heap after GC invocations=8 (full 1):
 PSYoungGen      total 117760K, used 9725K [0x00000000d5f00000, 0x00000000e2980000, 0x0000000100000000)
  eden space 108032K, 0% used [0x00000000d5f00000,0x00000000d5f00000,0x00000000dc880000)
  from space 9728K, 99% used [0x00000000dc880000,0x00000000dd1ff5e0,0x00000000dd200000)
  to   space 12288K, 0% used [0x00000000e1d80000,0x00000000e1d80000,0x00000000e2980000)
 ParOldGen       total 56832K, used 11092K [0x0000000081c00000, 0x0000000085380000, 0x00000000d5f00000)
  object space 56832K, 19% used [0x0000000081c00000,0x00000000826d5018,0x0000000085380000)
 Metaspace       used 30255K, capacity 31594K, committed 31872K, reserved 1077248K
  class space    used 4107K, capacity 4369K, committed 4480K, reserved 1048576K
}
Event: 14.125 GC heap before
{Heap before GC invocations=9 (full 1):
 PSYoungGen      total 117760K, used 117757K [0x00000000d5f00000, 0x00000000e2980000, 0x0000000100000000)
  eden space 108032K, 100% used [0x00000000d5f00000,0x00000000dc880000,0x00000000dc880000)
  from space 9728K, 99% used [0x00000000dc880000,0x00000000dd1ff5e0,0x00000000dd200000)
  to   space 12288K, 0% used [0x00000000e1d80000,0x00000000e1d80000,0x00000000e2980000)
 ParOldGen       total 56832K, used 11092K [0x0000000081c00000, 0x0000000085380000, 0x00000000d5f00000)
  object space 56832K, 19% used [0x0000000081c00000,0x00000000826d5018,0x0000000085380000)
 Metaspace       used 32906K, capacity 34294K, committed 34432K, reserved 1079296K
  class space    used 4424K, capacity 4701K, committed 4736K, reserved 1048576K
Event: 14.142 GC heap after
Heap after GC invocations=9 (full 1):
 PSYoungGen      total 192000K, used 12256K [0x00000000d5f00000, 0x00000000e2d80000, 0x0000000100000000)
  eden space 179712K, 0% used [0x00000000d5f00000,0x00000000d5f00000,0x00000000e0e80000)
  from space 12288K, 99% used [0x00000000e1d80000,0x00000000e2978298,0x00000000e2980000)
  to   space 15360K, 0% used [0x00000000e0e80000,0x00000000e0e80000,0x00000000e1d80000)
 ParOldGen       total 56832K, used 13608K [0x0000000081c00000, 0x0000000085380000, 0x00000000d5f00000)
  object space 56832K, 23% used [0x0000000081c00000,0x000000008294a000,0x0000000085380000)
 Metaspace       used 32906K, capacity 34294K, committed 34432K, reserved 1079296K
  class space    used 4424K, capacity 4701K, committed 4736K, reserved 1048576K
}
Event: 14.409 GC heap before
{Heap before GC invocations=10 (full 1):
 PSYoungGen      total 192000K, used 51847K [0x00000000d5f00000, 0x00000000e2d80000, 0x0000000100000000)
  eden space 179712K, 22% used [0x00000000d5f00000,0x00000000d85a9a30,0x00000000e0e80000)
  from space 12288K, 99% used [0x00000000e1d80000,0x00000000e2978298,0x00000000e2980000)
  to   space 15360K, 0% used [0x00000000e0e80000,0x00000000e0e80000,0x00000000e1d80000)
 ParOldGen       total 56832K, used 13608K [0x0000000081c00000, 0x0000000085380000, 0x00000000d5f00000)
  object space 56832K, 23% used [0x0000000081c00000,0x000000008294a000,0x0000000085380000)
 Metaspace       used 33898K, capacity 35457K, committed 35496K, reserved 1079296K
  class space    used 4555K, capacity 4864K, committed 4864K, reserved 1048576K
Event: 14.422 GC heap after
Heap after GC invocations=10 (full 1):
 PSYoungGen      total 195072K, used 10874K [0x00000000d5f00000, 0x00000000e8080000, 0x0000000100000000)
  eden space 179712K, 0% used [0x00000000d5f00000,0x00000000d5f00000,0x00000000e0e80000)
  from space 15360K, 70% used [0x00000000e0e80000,0x00000000e191e870,0x00000000e1d80000)
  to   space 15360K, 0% used [0x00000000e7180000,0x00000000e7180000,0x00000000e8080000)
 ParOldGen       total 56832K, used 17544K [0x0000000081c00000, 0x0000000085380000, 0x00000000d5f00000)
  object space 56832K, 30% used [0x0000000081c00000,0x0000000082d22388,0x0000000085380000)
 Metaspace       used 33898K, capacity 35457K, committed 35496K, reserved 1079296K
  class space    used 4555K, capacity 4864K, committed 4864K, reserved 1048576K
}
Event: 14.423 GC heap before
{Heap before GC invocations=11 (full 2):
 PSYoungGen      total 195072K, used 10874K [0x00000000d5f00000, 0x00000000e8080000, 0x0000000100000000)
  eden space 179712K, 0% used [0x00000000d5f00000,0x00000000d5f00000,0x00000000e0e80000)
  from space 15360K, 70% used [0x00000000e0e80000,0x00000000e191e870,0x00000000e1d80000)
  to   space 15360K, 0% used [0x00000000e7180000,0x00000000e7180000,0x00000000e8080000)
 ParOldGen       total 56832K, used 17544K [0x0000000081c00000, 0x0000000085380000, 0x00000000d5f00000)
  object space 56832K, 30% used [0x0000000081c00000,0x0000000082d22388,0x0000000085380000)
 Metaspace       used 33898K, capacity 35457K, committed 35496K, reserved 1079296K
  class space    used 4555K, capacity 4864K, committed 4864K, reserved 1048576K
Event: 14.530 GC heap after
Heap after GC invocations=11 (full 2):
 PSYoungGen      total 195072K, used 0K [0x00000000d5f00000, 0x00000000e8080000, 0x0000000100000000)
  eden space 179712K, 0% used [0x00000000d5f00000,0x00000000d5f00000,0x00000000e0e80000)
  from space 15360K, 0% used [0x00000000e0e80000,0x00000000e0e80000,0x00000000e1d80000)
  to   space 15360K, 0% used [0x00000000e7180000,0x00000000e7180000,0x00000000e8080000)
 ParOldGen       total 89088K, used 21827K [0x0000000081c00000, 0x0000000087300000, 0x00000000d5f00000)
  object space 89088K, 24% used [0x0000000081c00000,0x0000000083150df8,0x0000000087300000)
 Metaspace       used 33898K, capacity 35457K, committed 35496K, reserved 1079296K
  class space    used 4555K, capacity 4864K, committed 4864K, reserved 1048576K
}
Event: 16.127 GC heap before
{Heap before GC invocations=12 (full 2):
 PSYoungGen      total 195072K, used 179712K [0x00000000d5f00000, 0x00000000e8080000, 0x0000000100000000)
  eden space 179712K, 100% used [0x00000000d5f00000,0x00000000e0e80000,0x00000000e0e80000)
  from space 15360K, 0% used [0x00000000e0e80000,0x00000000e0e80000,0x00000000e1d80000)
  to   space 15360K, 0% used [0x00000000e7180000,0x00000000e7180000,0x00000000e8080000)
 ParOldGen       total 89088K, used 21827K [0x0000000081c00000, 0x0000000087300000, 0x00000000d5f00000)
  object space 89088K, 24% used [0x0000000081c00000,0x0000000083150df8,0x0000000087300000)
 Metaspace       used 38290K, capacity 40169K, committed 40448K, reserved 1083392K
  class space    used 5212K, capacity 5564K, committed 5632K, reserved 1048576K
Event: 16.140 GC heap after
Heap after GC invocations=12 (full 2):
 PSYoungGen      total 252928K, used 9657K [0x00000000d5f00000, 0x00000000e7b00000, 0x0000000100000000)
  eden space 243200K, 0% used [0x00000000d5f00000,0x00000000d5f00000,0x00000000e4c80000)
  from space 9728K, 99% used [0x00000000e7180000,0x00000000e7aee630,0x00000000e7b00000)
  to   space 15360K, 0% used [0x00000000e5d00000,0x00000000e5d00000,0x00000000e6c00000)
 ParOldGen       total 89088K, used 21835K [0x0000000081c00000, 0x0000000087300000, 0x00000000d5f00000)
  object space 89088K, 24% used [0x0000000081c00000,0x0000000083152df8,0x0000000087300000)
 Metaspace       used 38290K, capacity 40169K, committed 40448K, reserved 1083392K
  class space    used 5212K, capacity 5564K, committed 5632K, reserved 1048576K
}

